[katon] Starting rhodes-corbett-wedding on port: 31002 using command: gulp
[gulp] Using gulpfile ~/Dropbox (Personal)/sites/rhodes-corbett-wedding/gulpfile.js
[gulp] Starting 'browser-sync'...
[gulp] Finished 'browser-sync' after 9.51 ms
[gulp] Starting 'clean-tmp'...
clean complete
[gulp] Finished 'clean-tmp' after 5.5 ms
[gulp] Starting 'setup-tmp'...
[gulp] Starting 'bower'...
[gulp] Finished 'bower' after 58 ms
[gulp] Starting 'coffee'...
[BS] Local: >>> http://localhost:31002
[BS] External: >>> http://0.0.0.0:31002
[BS] Serving files from: .tmp
[BS] Serving files from: .

[BS] Reloading 3 files (app.js, countdown.js, map.js)
[gulp] Finished 'coffee' after 344 ms
[gulp] Starting 'inject-coffee'...
[13:01:01] gulp-inject 3 files into index.html.
[gulp] Finished 'inject-coffee' after 191 ms
[gulp] Starting 'inject-sass'...
[13:01:01] gulp-inject 2 files into app.scss.
[13:01:01] gulp-inject 8 files into app.scss.
[gulp] Finished 'inject-sass' after 16 ms
[gulp] Starting 'sass'...
[BS] Reloading 1 file (app.css)
[gulp] Finished 'sass' after 1.1 s
[gulp] Finished 'setup-tmp' after 1.82 s
[gulp] Starting 'watch'...
[gulp] Starting 'bower'...
[13:04:26] images was added
[gulp] Finished 'bower' after 41 ms
[gulp] Starting 'sass'...
[13:04:26] index.html was changed
[BS] Reloading 1 file (app.css)
[gulp] Finished 'sass' after 567 ms
[13:08:43] index.html was changed
[13:10:05] index.html was changed
[13:11:26] index.html was changed
[gulp] Starting 'sass'...
[BS] Reloading 1 file (app.css)
[gulp] Finished 'sass' after 538 ms
[gulp] Starting 'sass'...
[BS] Reloading 1 file (app.css)
[gulp] Finished 'sass' after 466 ms
[gulp] Starting 'sass'...
[BS] Reloading 1 file (app.css)
[gulp] Finished 'sass' after 477 ms
[gulp] Starting 'sass'...
[BS] Reloading 1 file (app.css)
[gulp] Finished 'sass' after 574 ms
[gulp] Starting 'sass'...
[BS] Reloading 1 file (app.css)
[gulp] Finished 'sass' after 504 ms
[gulp] Starting 'sass'...
[BS] Reloading 1 file (app.css)
[gulp] Finished 'sass' after 844 ms
[gulp] Starting 'sass'...
[BS] Reloading 1 file (app.css)
[gulp] Finished 'sass' after 453 ms
[gulp] Starting 'sass'...
[BS] Reloading 1 file (app.css)
[gulp] Finished 'sass' after 478 ms
[gulp] Starting 'sass'...
[BS] Reloading 1 file (app.css)
[gulp] Finished 'sass' after 526 ms
[13:21:00] index.html was changed
[13:27:13] index.html was changed
[13:27:26] index.html was changed
[13:30:26] index.html was changed
[13:31:02] index.html was changed
[katon] Starting rhodes-corbett-wedding on port: 31002 using command: gulp
[gulp] Using gulpfile ~/Dropbox (Personal)/sites/rhodes-corbett-wedding/gulpfile.js
[gulp] Starting 'browser-sync'...
[gulp] Finished 'browser-sync' after 263 ms
[gulp] Starting 'clean-tmp'...
[BS] Local: >>> http://localhost:31002
[BS] External: >>> http://0.0.0.0:31002
[BS] Serving files from: .tmp
[BS] Serving files from: .

clean complete
[gulp] Finished 'clean-tmp' after 458 ms
[gulp] Starting 'setup-tmp'...
[gulp] Starting 'bower'...
[gulp] Finished 'bower' after 1.53 s
[gulp] Starting 'coffee'...
[BS] Reloading 3 files (app.js, countdown.js, map.js)
[gulp] Finished 'coffee' after 33 s
[gulp] Starting 'inject-coffee'...
[23:46:53] gulp-inject 3 files into index.html.
[gulp] Finished 'inject-coffee' after 10 s
[gulp] Starting 'inject-sass'...
[23:46:53] gulp-inject 2 files into app.scss.
[23:46:53] gulp-inject 8 files into app.scss.
[gulp] Finished 'inject-sass' after 30 ms
[gulp] Starting 'sass'...
[BS] Reloading 1 file (app.css)
[gulp] Finished 'sass' after 27 s
[gulp] Finished 'setup-tmp' after 1.2 min
[gulp] Starting 'watch'...
[23:51:52] index.html was changed
[gulp] Starting 'sass'...
[BS] Reloading 1 file (app.css)
[gulp] Finished 'sass' after 1.46 s
[23:51:54] index.html was changed
[gulp] Starting 'sass'...
[BS] Reloading 1 file (app.css)
[gulp] Finished 'sass' after 1.13 s
[gulp] Starting 'sass'...
[BS] Reloading 1 file (app.css)
[gulp] Finished 'sass' after 1.11 s
[gulp] Starting 'sass'...
[BS] Reloading 1 file (app.css)
[gulp] Finished 'sass' after 1.18 s
[gulp] Starting 'sass'...
[BS] Reloading 1 file (app.css)
[gulp] Finished 'sass' after 1.1 s
[gulp] Starting 'sass'...
[BS] Reloading 1 file (app.css)
[gulp] Finished 'sass' after 1.29 s
[gulp] Starting 'sass'...
[BS] Reloading 1 file (app.css)
[gulp] Finished 'sass' after 1.09 s
[gulp] Starting 'sass'...
[BS] Reloading 1 file (app.css)
[gulp] Finished 'sass' after 1.03 s
[gulp] Starting 'sass'...
[BS] Reloading 1 file (app.css)
[gulp] Finished 'sass' after 964 ms
[katon] Starting rhodes-corbett-wedding on port: 31002 using command: gulp
[gulp] Using gulpfile ~/Dropbox (Personal)/sites/rhodes-corbett-wedding/gulpfile.js
[gulp] Starting 'browser-sync'...
[gulp] Finished 'browser-sync' after 21 ms
[gulp] Starting 'clean-tmp'...
clean complete
[gulp] Finished 'clean-tmp' after 11 ms
[gulp] Starting 'setup-tmp'...
[gulp] Starting 'bower'...
[BS] Local: >>> http://localhost:31002
[BS] External: >>> http://0.0.0.0:31002
[BS] Serving files from: .tmp
[BS] Serving files from: .

[gulp] Finished 'bower' after 774 ms
[gulp] Starting 'coffee'...
[BS] Reloading 3 files (app.js, countdown.js, map.js)
[gulp] Finished 'coffee' after 6.72 s
[gulp] Starting 'inject-coffee'...
[10:01:05] gulp-inject 3 files into index.html.
[gulp] Finished 'inject-coffee' after 4 s
[gulp] Starting 'inject-sass'...
[10:01:05] gulp-inject 2 files into app.scss.
[10:01:05] gulp-inject 8 files into app.scss.
[gulp] Finished 'inject-sass' after 242 ms
[gulp] Starting 'sass'...
[BS] Reloading 1 file (app.css)
[gulp] Finished 'sass' after 15 s
[gulp] Finished 'setup-tmp' after 26 s
[gulp] Starting 'watch'...
[10:08:32] index.html was changed
[10:11:24] index.html was changed
[10:11:49] index.html was changed
[10:12:05] index.html was changed
[10:30:03] index.html was changed
[10:31:53] index.html was changed
[10:32:04] index.html was changed
[gulp] Starting 'sass'...
[BS] Reloading 1 file (app.css)
[gulp] Finished 'sass' after 580 ms
[gulp] Starting 'sass'...
[BS] Reloading 1 file (app.css)
[gulp] Finished 'sass' after 513 ms
[gulp] Starting 'sass'...
[BS] Reloading 1 file (app.css)
[gulp] Finished 'sass' after 498 ms
[gulp] Starting 'sass'...
[BS] Reloading 1 file (app.css)
[gulp] Finished 'sass' after 543 ms
[gulp] Starting 'sass'...
[BS] Reloading 1 file (app.css)
[gulp] Finished 'sass' after 639 ms
[gulp] Starting 'sass'...
[BS] Reloading 1 file (app.css)
[gulp] Finished 'sass' after 934 ms
[13:56:43] index.html was changed
[13:56:47] index.html was changed
[14:00:17] index.html was changed
[14:00:25] index.html was changed
[14:00:30] index.html was changed
[gulp] Starting 'sass'...
[BS] Reloading 1 file (app.css)
[gulp] Finished 'sass' after 1.08 s
[gulp] Starting 'sass'...
[BS] Reloading 1 file (app.css)
[gulp] Finished 'sass' after 526 ms
[gulp] Starting 'sass'...
[BS] Reloading 1 file (app.css)
[gulp] Finished 'sass' after 480 ms
[gulp] Starting 'sass'...
[BS] Reloading 1 file (app.css)
[gulp] Finished 'sass' after 639 ms
[14:17:37] index.html was changed
[gulp] Starting 'sass'...
[BS] Reloading 1 file (app.css)
[gulp] Finished 'sass' after 899 ms
[gulp] Starting 'sass'...
[BS] Reloading 1 file (app.css)
[gulp] Finished 'sass' after 815 ms
[14:18:35] index.html was changed
[gulp] Starting 'sass'...
[BS] Reloading 1 file (app.css)
[gulp] Finished 'sass' after 1.06 s
[gulp] Starting 'sass'...
[BS] Reloading 1 file (app.css)
[gulp] Finished 'sass' after 613 ms
[gulp] Starting 'sass'...
[BS] Reloading 1 file (app.css)
[gulp] Finished 'sass' after 715 ms
[gulp] Starting 'sass'...
[BS] Reloading 1 file (app.css)
[gulp] Finished 'sass' after 1 s
[14:25:49] index.html was changed
[14:29:19] index.html was changed
[14:36:02] index.html was changed
[gulp] Starting 'sass'...

stream.js:94
      throw er; // Unhandled stream error in pipe.
            ^
Error: css/_rsvp.scss:9: error: error reading values after font-family

[gulp] Using gulpfile ~/Dropbox (Personal)/sites/rhodes-corbett-wedding/gulpfile.js
[gulp] Starting 'browser-sync'...
[gulp] Finished 'browser-sync' after 53 ms
[gulp] Starting 'clean-tmp'...
clean complete
[gulp] Finished 'clean-tmp' after 135 ms
[gulp] Starting 'setup-tmp'...
[gulp] Starting 'bower'...
[gulp] Finished 'bower' after 256 ms
[gulp] Starting 'coffee'...
[BS] Local: >>> http://localhost:31002
[BS] External: >>> http://0.0.0.0:31002
[BS] Serving files from: .tmp
[BS] Serving files from: .

[BS] Reloading 3 files (app.js, countdown.js, map.js)
[gulp] Finished 'coffee' after 5.41 s
[gulp] Starting 'inject-coffee'...
[14:40:52] gulp-inject 3 files into index.html.
[gulp] Finished 'inject-coffee' after 2.22 s
[gulp] Starting 'inject-sass'...
[14:40:52] gulp-inject 2 files into app.scss.
[14:40:52] gulp-inject 8 files into app.scss.
[gulp] Finished 'inject-sass' after 219 ms
[gulp] Starting 'sass'...
[BS] Reloading 1 file (app.css)
[gulp] Finished 'sass' after 7.95 s
[gulp] Finished 'setup-tmp' after 16 s
[gulp] Starting 'watch'...
[gulp] Starting 'sass'...
[BS] Reloading 1 file (app.css)
[gulp] Finished 'sass' after 1.71 s
[gulp] Starting 'sass'...
[BS] Reloading 1 file (app.css)
[gulp] Finished 'sass' after 663 ms
[gulp] Starting 'sass'...
[BS] Reloading 1 file (app.css)
[gulp] Finished 'sass' after 601 ms
[gulp] Starting 'sass'...
[BS] Reloading 1 file (app.css)
[gulp] Finished 'sass' after 722 ms
[gulp] Starting 'sass'...
[BS] Reloading 1 file (app.css)
[gulp] Finished 'sass' after 686 ms
[gulp] Starting 'sass'...
[BS] Reloading 1 file (app.css)
[gulp] Finished 'sass' after 634 ms
[gulp] Starting 'sass'...
[BS] Reloading 1 file (app.css)
[gulp] Finished 'sass' after 721 ms
[gulp] Starting 'sass'...
[BS] Reloading 1 file (app.css)
[gulp] Finished 'sass' after 606 ms
[gulp] Starting 'sass'...
[BS] Reloading 1 file (app.css)
[gulp] Finished 'sass' after 470 ms
[katon] Starting rhodes-corbett-wedding on port: 31002 using command: gulp
[gulp] Using gulpfile ~/Dropbox (Personal)/sites/rhodes-corbett-wedding/gulpfile.js
[gulp] Starting 'browser-sync'...
[gulp] Finished 'browser-sync' after 12 ms
[gulp] Starting 'clean-tmp'...
clean complete
[gulp] Finished 'clean-tmp' after 4.97 ms
[gulp] Starting 'setup-tmp'...
[gulp] Starting 'bower'...
[BS] Local: >>> http://localhost:31002
[BS] External: >>> http://0.0.0.0:31002
[BS] Serving files from: .tmp
[BS] Serving files from: .

[gulp] Finished 'bower' after 576 ms
[gulp] Starting 'coffee'...
[BS] Reloading 3 files (app.js, countdown.js, map.js)
[gulp] Finished 'coffee' after 8.42 s
[gulp] Starting 'inject-coffee'...
[22:57:48] gulp-inject 3 files into index.html.
[gulp] Finished 'inject-coffee' after 3.6 s
[gulp] Starting 'inject-sass'...
[22:57:48] gulp-inject 2 files into app.scss.
[22:57:48] gulp-inject 8 files into app.scss.
[gulp] Finished 'inject-sass' after 157 ms
[gulp] Starting 'sass'...
[BS] Reloading 1 file (app.css)
[gulp] Finished 'sass' after 11 s
[gulp] Finished 'setup-tmp' after 24 s
[gulp] Starting 'watch'...
[gulp] Starting 'sass'...
[BS] Reloading 1 file (app.css)
[gulp] Finished 'sass' after 1.08 s
[gulp] Starting 'sass'...
[BS] Reloading 1 file (app.css)
[gulp] Finished 'sass' after 1.2 s
[gulp] Starting 'sass'...
[BS] Reloading 1 file (app.css)
[gulp] Finished 'sass' after 812 ms
[23:03:35] index.html was changed
[gulp] Starting 'sass'...
[BS] Reloading 1 file (app.css)
[gulp] Finished 'sass' after 1.04 s
[23:16:32] index.html was changed
[gulp] Starting 'sass'...
[BS] Reloading 1 file (app.css)
[gulp] Finished 'sass' after 1.61 s
[23:18:20] index.html was changed
[gulp] Starting 'sass'...
[BS] Reloading 1 file (app.css)
[gulp] Finished 'sass' after 776 ms
[gulp] Starting 'sass'...
[BS] Reloading 1 file (app.css)
[gulp] Finished 'sass' after 1.11 s
[gulp] Starting 'sass'...
[BS] Reloading 1 file (app.css)
[gulp] Finished 'sass' after 1.25 s
[gulp] Starting 'sass'...
[BS] Reloading 1 file (app.css)
[gulp] Finished 'sass' after 1.32 s
[23:28:09] index.html was changed
[gulp] Starting 'sass'...
[BS] Reloading 1 file (app.css)
[gulp] Finished 'sass' after 1.14 s
[gulp] Starting 'sass'...
[BS] Reloading 1 file (app.css)
[gulp] Finished 'sass' after 1.2 s
[gulp] Starting 'sass'...
[BS] Reloading 1 file (app.css)
[gulp] Finished 'sass' after 1.16 s
[gulp] Starting 'sass'...
[BS] Reloading 1 file (app.css)
[gulp] Finished 'sass' after 1.11 s
[gulp] Starting 'sass'...
[BS] Reloading 1 file (app.css)
[gulp] Finished 'sass' after 1.21 s
[gulp] Starting 'sass'...
[BS] Reloading 1 file (app.css)
[gulp] Finished 'sass' after 1.08 s
[gulp] Starting 'sass'...
[BS] Reloading 1 file (app.css)
[gulp] Finished 'sass' after 1.22 s
[gulp] Starting 'sass'...
[BS] Reloading 1 file (app.css)
[gulp] Finished 'sass' after 1.22 s
[gulp] Starting 'sass'...
[BS] Reloading 1 file (app.css)
[gulp] Finished 'sass' after 1.09 s
[gulp] Starting 'sass'...
[BS] Reloading 1 file (app.css)
[gulp] Finished 'sass' after 1.07 s
[gulp] Starting 'sass'...
[BS] Reloading 1 file (app.css)
[gulp] Finished 'sass' after 1.16 s
[gulp] Starting 'sass'...
[BS] Reloading 1 file (app.css)
[gulp] Finished 'sass' after 714 ms
[gulp] Starting 'sass'...
[BS] Reloading 1 file (app.css)
[gulp] Finished 'sass' after 1.51 s
[gulp] Starting 'sass'...
[BS] Reloading 1 file (app.css)
[gulp] Finished 'sass' after 929 ms
[gulp] Starting 'sass'...
[BS] Reloading 1 file (app.css)
[gulp] Finished 'sass' after 1.38 s
[23:58:43] index.html was changed
[gulp] Starting 'sass'...
[BS] Reloading 1 file (app.css)
[gulp] Finished 'sass' after 1.23 s
[gulp] Starting 'sass'...
[BS] Reloading 1 file (app.css)
[gulp] Finished 'sass' after 1.15 s
[gulp] Starting 'sass'...
[BS] Reloading 1 file (app.css)
[gulp] Finished 'sass' after 748 ms
[gulp] Starting 'sass'...
[BS] Reloading 1 file (app.css)
[gulp] Finished 'sass' after 866 ms
[gulp] Starting 'sass'...
[BS] Reloading 1 file (app.css)
[gulp] Finished 'sass' after 1.4 s
[gulp] Starting 'sass'...
[BS] Reloading 1 file (app.css)
[gulp] Finished 'sass' after 1.37 s
[gulp] Starting 'sass'...
[BS] Reloading 1 file (app.css)
[gulp] Finished 'sass' after 965 ms
[gulp] Starting 'sass'...
[BS] Reloading 1 file (app.css)
[gulp] Finished 'sass' after 1.28 s
[gulp] Starting 'sass'...
[BS] Reloading 1 file (app.css)
[gulp] Finished 'sass' after 1.14 s
[gulp] Starting 'sass'...
[BS] Reloading 1 file (app.css)
[gulp] Finished 'sass' after 1.14 s
[gulp] Starting 'sass'...
[BS] Reloading 1 file (app.css)
[gulp] Finished 'sass' after 1.29 s
[gulp] Starting 'sass'...
[BS] Reloading 1 file (app.css)
[gulp] Finished 'sass' after 1.16 s
[gulp] Starting 'sass'...
[BS] Reloading 1 file (app.css)
[gulp] Finished 'sass' after 1.17 s
[gulp] Starting 'sass'...
[BS] Reloading 1 file (app.css)
[gulp] Finished 'sass' after 1.23 s
[gulp] Starting 'sass'...
[BS] Reloading 1 file (app.css)
[gulp] Finished 'sass' after 1.37 s
[gulp] Starting 'sass'...
[BS] Reloading 1 file (app.css)
[gulp] Finished 'sass' after 1.23 s
[gulp] Starting 'sass'...
[BS] Reloading 1 file (app.css)
[gulp] Finished 'sass' after 1.29 s
[gulp] Starting 'sass'...
[BS] Reloading 1 file (app.css)
[gulp] Finished 'sass' after 1.19 s
[gulp] Starting 'sass'...
[BS] Reloading 1 file (app.css)
[gulp] Finished 'sass' after 1.14 s
[gulp] Starting 'sass'...
[BS] Reloading 1 file (app.css)
[gulp] Finished 'sass' after 1.18 s
[gulp] Starting 'sass'...
[BS] Reloading 1 file (app.css)
[gulp] Finished 'sass' after 1.11 s
[gulp] Starting 'sass'...
[BS] Reloading 1 file (app.css)
[gulp] Finished 'sass' after 1.14 s
[gulp] Starting 'sass'...
[BS] Reloading 1 file (app.css)
[gulp] Finished 'sass' after 1.29 s
[gulp] Starting 'sass'...
[BS] Reloading 1 file (app.css)
[gulp] Finished 'sass' after 1.27 s
[gulp] Starting 'sass'...
[BS] Reloading 1 file (app.css)
[gulp] Finished 'sass' after 1.19 s
[gulp] Starting 'sass'...
[BS] Reloading 1 file (app.css)
[gulp] Finished 'sass' after 1.17 s
[gulp] Starting 'sass'...
[BS] Reloading 1 file (app.css)
[gulp] Finished 'sass' after 1.17 s
[gulp] Starting 'sass'...
[BS] Reloading 1 file (app.css)
[gulp] Finished 'sass' after 983 ms
[gulp] Starting 'sass'...
[BS] Reloading 1 file (app.css)
[gulp] Finished 'sass' after 1.27 s
[gulp] Starting 'sass'...
[BS] Reloading 1 file (app.css)
[gulp] Finished 'sass' after 1.24 s
[gulp] Starting 'sass'...
[BS] Reloading 1 file (app.css)
[gulp] Finished 'sass' after 1.37 s
[gulp] Starting 'sass'...
[BS] Reloading 1 file (app.css)
[gulp] Finished 'sass' after 1.25 s
[gulp] Starting 'sass'...
[BS] Reloading 1 file (app.css)
[gulp] Finished 'sass' after 1.05 s
[gulp] Starting 'sass'...
[BS] Reloading 1 file (app.css)
[gulp] Finished 'sass' after 1.14 s
[gulp] Starting 'sass'...
[BS] Reloading 1 file (app.css)
[gulp] Finished 'sass' after 1.11 s
[gulp] Starting 'sass'...
[BS] Reloading 1 file (app.css)
[gulp] Finished 'sass' after 1.23 s
[gulp] Starting 'sass'...
[BS] Reloading 1 file (app.css)
[gulp] Finished 'sass' after 943 ms
[gulp] Starting 'sass'...
[BS] Reloading 1 file (app.css)
[gulp] Finished 'sass' after 1.17 s
[gulp] Starting 'sass'...
[BS] Reloading 1 file (app.css)
[gulp] Finished 'sass' after 1.22 s
[gulp] Starting 'sass'...
[BS] Reloading 1 file (app.css)
[gulp] Finished 'sass' after 1.27 s
[gulp] Starting 'sass'...
[BS] Reloading 1 file (app.css)
[gulp] Finished 'sass' after 937 ms
[gulp] Starting 'sass'...
[BS] Reloading 1 file (app.css)
[gulp] Finished 'sass' after 1.02 s
[gulp] Starting 'sass'...
[BS] Reloading 1 file (app.css)
[gulp] Finished 'sass' after 1.03 s
[gulp] Starting 'sass'...
[BS] Reloading 1 file (app.css)
[gulp] Finished 'sass' after 1.22 s
[gulp] Starting 'sass'...
[BS] Reloading 1 file (app.css)
[gulp] Finished 'sass' after 1.31 s
[gulp] Starting 'sass'...
[BS] Reloading 1 file (app.css)
[gulp] Finished 'sass' after 1.35 s
[gulp] Starting 'sass'...
[BS] Reloading 1 file (app.css)
[gulp] Finished 'sass' after 1.01 s
[00:38:33] index.html was changed
[00:40:10] index.html was changed
[00:40:19] index.html was changed
[11:29:41] index.html was changed
[11:30:04] index.html was changed
[11:30:20] index.html was changed
[11:31:13] index.html was changed
[11:31:19] index.html was changed
[11:31:43] index.html was changed
[11:32:14] index.html was changed
[11:33:17] index.html was changed
[katon] Starting rhodes-corbett-wedding on port: 31002 using command: gulp
[gulp] Using gulpfile ~/Dropbox (Personal)/sites/rhodes-corbett-wedding/gulpfile.js
[gulp] Starting 'browser-sync'...
[gulp] Finished 'browser-sync' after 9.91 ms
[gulp] Starting 'clean-tmp'...
clean complete
[gulp] Finished 'clean-tmp' after 7.57 ms
[gulp] Starting 'setup-tmp'...
[gulp] Starting 'bower'...
[BS] Local: >>> http://localhost:31002
[BS] External: >>> http://0.0.0.0:31002
[BS] Serving files from: .tmp
[BS] Serving files from: .

[gulp] Finished 'bower' after 99 ms
[gulp] Starting 'coffee'...
[BS] Reloading 3 files (app.js, countdown.js, map.js)
[gulp] Finished 'coffee' after 720 ms
[gulp] Starting 'inject-coffee'...
[22:27:20] gulp-inject 3 files into index.html.
[gulp] Finished 'inject-coffee' after 543 ms
[gulp] Starting 'inject-sass'...
[22:27:20] gulp-inject 2 files into app.scss.
[22:27:20] gulp-inject 8 files into app.scss.
[gulp] Finished 'inject-sass' after 76 ms
[gulp] Starting 'sass'...
[BS] Reloading 1 file (app.css)
[gulp] Finished 'sass' after 13 s
[gulp] Finished 'setup-tmp' after 14 s
[gulp] Starting 'watch'...
[katon] Starting rhodes-corbett-wedding on port: 31002 using command: gulp
[gulp] Using gulpfile ~/Dropbox (Personal)/sites/rhodes-corbett-wedding/gulpfile.js
[gulp] Starting 'browser-sync'...
[gulp] Finished 'browser-sync' after 16 ms
[gulp] Starting 'clean-tmp'...
clean complete
[gulp] Finished 'clean-tmp' after 5.55 ms
[gulp] Starting 'setup-tmp'...
[gulp] Starting 'bower'...
[BS] Local: >>> http://localhost:31002
[BS] External: >>> http://0.0.0.0:31002
[BS] Serving files from: .tmp
[BS] Serving files from: .

[gulp] Finished 'bower' after 401 ms
[gulp] Starting 'coffee'...
[BS] Reloading 4 files (app.js, countdown.js, form.js, map.js)
[gulp] Finished 'coffee' after 5.29 s
[gulp] Starting 'inject-coffee'...
[11:24:11] gulp-inject 4 files into index.html.
[gulp] Finished 'inject-coffee' after 2.9 s
[gulp] Starting 'inject-sass'...
[11:24:11] gulp-inject 2 files into app.scss.
[11:24:11] gulp-inject 8 files into app.scss.
[gulp] Finished 'inject-sass' after 66 ms
[gulp] Starting 'sass'...
[BS] Reloading 1 file (app.css)
[gulp] Finished 'sass' after 9.06 s
[gulp] Finished 'setup-tmp' after 18 s
[gulp] Starting 'watch'...
